RHO (10, 2)
  (0, 1)	21
  (0, 4)	1
  (0, 7)	1
  (0, 8)	2
  (0, 9)	1
  (0, 10)	4
  (0, 11)	1
  (0, 12)	3
  (0, 13)	2
  (0, 15)	1
  (0, 16)	1
  (0, 23)	1
  (0, 24)	1
  (0, 26)	4
  (0, 27)	2
  (0, 28)	1
  (0, 29)	1
  (0, 30)	2
  (0, 31)	4
  (0, 33)	1
  (0, 34)	1
  (0, 37)	1
  (0, 39)	1
  (0, 41)	3
  (0, 43)	1
  :	:
  (999, 212)	1
  (999, 223)	2
  (999, 229)	2
  (999, 232)	1
  (999, 241)	3
  (999, 273)	1
  (999, 296)	5
  (999, 307)	1
  (999, 314)	1
  (999, 331)	1
  (999, 343)	5
  (999, 349)	1
  (999, 360)	2
  (999, 363)	1
  (999, 376)	1
  (999, 407)	2
  (999, 410)	1
  (999, 411)	1
  (999, 427)	1
  (999, 467)	2
  (999, 480)	3
  (999, 482)	1
  (999, 486)	5
  (999, 490)	1
  (999, 491)	1
<class 'scipy.sparse.csr.csr_matrix'>
GENES ['Gene0', 'Gene1', 'Gene2', 'Gene3', 'Gene4', 'Gene5', 'Gene6', 'Gene7', 'Gene8', 'Gene9', 'Gene10', 'Gene11', 'Gene12', 'Gene13', 'Gene14', 'Gene15', 'Gene16', 'Gene17', 'Gene18', 'Gene19', 'Gene20', 'Gene21', 'Gene22', 'Gene23', 'Gene24', 'Gene25', 'Gene26', 'Gene27', 'Gene28', 'Gene29', 'Gene30', 'Gene31', 'Gene32', 'Gene33', 'Gene34', 'Gene35', 'Gene36', 'Gene37', 'Gene38', 'Gene39', 'Gene40', 'Gene41', 'Gene42', 'Gene43', 'Gene44', 'Gene45', 'Gene46', 'Gene47', 'Gene48', 'Gene49', 'Gene50', 'Gene51', 'Gene52', 'Gene53', 'Gene54', 'Gene55', 'Gene56', 'Gene57', 'Gene58', 'Gene59', 'Gene60', 'Gene61', 'Gene62', 'Gene63', 'Gene64', 'Gene65', 'Gene66', 'Gene67', 'Gene68', 'Gene69', 'Gene70', 'Gene71', 'Gene72', 'Gene73', 'Gene74', 'Gene75', 'Gene76', 'Gene77', 'Gene78', 'Gene79', 'Gene80', 'Gene81', 'Gene82', 'Gene83', 'Gene84', 'Gene85', 'Gene86', 'Gene87', 'Gene88', 'Gene89', 'Gene90', 'Gene91', 'Gene92', 'Gene93', 'Gene94', 'Gene95', 'Gene96', 'Gene97', 'Gene98', 'Gene99', 'Gene100', 'Gene101', 'Gene102', 'Gene103', 'Gene104', 'Gene105', 'Gene106', 'Gene107', 'Gene108', 'Gene109', 'Gene110', 'Gene111', 'Gene112', 'Gene113', 'Gene114', 'Gene115', 'Gene116', 'Gene117', 'Gene118', 'Gene119', 'Gene120', 'Gene121', 'Gene122', 'Gene123', 'Gene124', 'Gene125', 'Gene126', 'Gene127', 'Gene128', 'Gene129', 'Gene130', 'Gene131', 'Gene132', 'Gene133', 'Gene134', 'Gene135', 'Gene136', 'Gene137', 'Gene138', 'Gene139', 'Gene140', 'Gene141', 'Gene142', 'Gene143', 'Gene144', 'Gene145', 'Gene146', 'Gene147', 'Gene148', 'Gene149', 'Gene150', 'Gene151', 'Gene152', 'Gene153', 'Gene154', 'Gene155', 'Gene156', 'Gene157', 'Gene158', 'Gene159', 'Gene160', 'Gene161', 'Gene162', 'Gene163', 'Gene164', 'Gene165', 'Gene166', 'Gene167', 'Gene168', 'Gene169', 'Gene170', 'Gene171', 'Gene172', 'Gene173', 'Gene174', 'Gene175', 'Gene176', 'Gene177', 'Gene178', 'Gene179', 'Gene180', 'Gene181', 'Gene182', 'Gene183', 'Gene184', 'Gene185', 'Gene186', 'Gene187', 'Gene188', 'Gene189', 'Gene190', 'Gene191', 'Gene192', 'Gene193', 'Gene194', 'Gene195', 'Gene196', 'Gene197', 'Gene198', 'Gene199', 'Gene200', 'Gene201', 'Gene202', 'Gene203', 'Gene204', 'Gene205', 'Gene206', 'Gene207', 'Gene208', 'Gene209', 'Gene210', 'Gene211', 'Gene212', 'Gene213', 'Gene214', 'Gene215', 'Gene216', 'Gene217', 'Gene218', 'Gene219', 'Gene220', 'Gene221', 'Gene222', 'Gene223', 'Gene224', 'Gene225', 'Gene226', 'Gene227', 'Gene228', 'Gene229', 'Gene230', 'Gene231', 'Gene232', 'Gene233', 'Gene234', 'Gene235', 'Gene236', 'Gene237', 'Gene238', 'Gene239', 'Gene240', 'Gene241', 'Gene242', 'Gene243', 'Gene244', 'Gene245', 'Gene246', 'Gene247', 'Gene248', 'Gene249', 'Gene250', 'Gene251', 'Gene252', 'Gene253', 'Gene254', 'Gene255', 'Gene256', 'Gene257', 'Gene258', 'Gene259', 'Gene260', 'Gene261', 'Gene262', 'Gene263', 'Gene264', 'Gene265', 'Gene266', 'Gene267', 'Gene268', 'Gene269', 'Gene270', 'Gene271', 'Gene272', 'Gene273', 'Gene274', 'Gene275', 'Gene276', 'Gene277', 'Gene278', 'Gene279', 'Gene280', 'Gene281', 'Gene282', 'Gene283', 'Gene284', 'Gene285', 'Gene286', 'Gene287', 'Gene288', 'Gene289', 'Gene290', 'Gene291', 'Gene292', 'Gene293', 'Gene294', 'Gene295', 'Gene296', 'Gene297', 'Gene298', 'Gene299', 'Gene300', 'Gene301', 'Gene302', 'Gene303', 'Gene304', 'Gene305', 'Gene306', 'Gene307', 'Gene308', 'Gene309', 'Gene310', 'Gene311', 'Gene312', 'Gene313', 'Gene314', 'Gene315', 'Gene316', 'Gene317', 'Gene318', 'Gene319', 'Gene320', 'Gene321', 'Gene322', 'Gene323', 'Gene324', 'Gene325', 'Gene326', 'Gene327', 'Gene328', 'Gene329', 'Gene330', 'Gene331', 'Gene332', 'Gene333', 'Gene334', 'Gene335', 'Gene336', 'Gene337', 'Gene338', 'Gene339', 'Gene340', 'Gene341', 'Gene342', 'Gene343', 'Gene344', 'Gene345', 'Gene346', 'Gene347', 'Gene348', 'Gene349', 'Gene350', 'Gene351', 'Gene352', 'Gene353', 'Gene354', 'Gene355', 'Gene356', 'Gene357', 'Gene358', 'Gene359', 'Gene360', 'Gene361', 'Gene362', 'Gene363', 'Gene364', 'Gene365', 'Gene366', 'Gene367', 'Gene368', 'Gene369', 'Gene370', 'Gene371', 'Gene372', 'Gene373', 'Gene374', 'Gene375', 'Gene376', 'Gene377', 'Gene378', 'Gene379', 'Gene380', 'Gene381', 'Gene382', 'Gene383', 'Gene384', 'Gene385', 'Gene386', 'Gene387', 'Gene388', 'Gene389', 'Gene390', 'Gene391', 'Gene392', 'Gene393', 'Gene394', 'Gene395', 'Gene396', 'Gene397', 'Gene398', 'Gene399', 'Gene400', 'Gene401', 'Gene402', 'Gene403', 'Gene404', 'Gene405', 'Gene406', 'Gene407', 'Gene408', 'Gene409', 'Gene410', 'Gene411', 'Gene412', 'Gene413', 'Gene414', 'Gene415', 'Gene416', 'Gene417', 'Gene418', 'Gene419', 'Gene420', 'Gene421', 'Gene422', 'Gene423', 'Gene424', 'Gene425', 'Gene426', 'Gene427', 'Gene428', 'Gene429', 'Gene430', 'Gene431', 'Gene432', 'Gene433', 'Gene434', 'Gene435', 'Gene436', 'Gene437', 'Gene438', 'Gene439', 'Gene440', 'Gene441', 'Gene442', 'Gene443', 'Gene444', 'Gene445', 'Gene446', 'Gene447', 'Gene448', 'Gene449', 'Gene450', 'Gene451', 'Gene452', 'Gene453', 'Gene454', 'Gene455', 'Gene456', 'Gene457', 'Gene458', 'Gene459', 'Gene460', 'Gene461', 'Gene462', 'Gene463', 'Gene464', 'Gene465', 'Gene466', 'Gene467', 'Gene468', 'Gene469', 'Gene470', 'Gene471', 'Gene472', 'Gene473', 'Gene474', 'Gene475', 'Gene476', 'Gene477', 'Gene478', 'Gene479', 'Gene480', 'Gene481', 'Gene482', 'Gene483', 'Gene484', 'Gene485', 'Gene486', 'Gene487', 'Gene488', 'Gene489', 'Gene490', 'Gene491', 'Gene492', 'Gene493', 'Gene494', 'Gene495', 'Gene496', 'Gene497', 'Gene498', 'Gene499', 'Gene500', 'Gene501', 'Gene502', 'Gene503', 'Gene504', 'Gene505', 'Gene506', 'Gene507', 'Gene508', 'Gene509', 'Gene510', 'Gene511', 'Gene512', 'Gene513', 'Gene514', 'Gene515', 'Gene516', 'Gene517', 'Gene518', 'Gene519', 'Gene520', 'Gene521', 'Gene522', 'Gene523', 'Gene524', 'Gene525', 'Gene526', 'Gene527', 'Gene528', 'Gene529', 'Gene530', 'Gene531', 'Gene532', 'Gene533', 'Gene534', 'Gene535', 'Gene536', 'Gene537', 'Gene538', 'Gene539', 'Gene540', 'Gene541', 'Gene542', 'Gene543', 'Gene544', 'Gene545', 'Gene546', 'Gene547', 'Gene548', 'Gene549', 'Gene550', 'Gene551', 'Gene552', 'Gene553', 'Gene554', 'Gene555', 'Gene556', 'Gene557', 'Gene558', 'Gene559', 'Gene560', 'Gene561', 'Gene562', 'Gene563', 'Gene564', 'Gene565', 'Gene566', 'Gene567', 'Gene568', 'Gene569', 'Gene570', 'Gene571', 'Gene572', 'Gene573', 'Gene574', 'Gene575', 'Gene576', 'Gene577', 'Gene578', 'Gene579', 'Gene580', 'Gene581', 'Gene582', 'Gene583', 'Gene584', 'Gene585', 'Gene586', 'Gene587', 'Gene588', 'Gene589', 'Gene590', 'Gene591', 'Gene592', 'Gene593', 'Gene594', 'Gene595', 'Gene596', 'Gene597', 'Gene598', 'Gene599', 'Gene600', 'Gene601', 'Gene602', 'Gene603', 'Gene604', 'Gene605', 'Gene606', 'Gene607', 'Gene608', 'Gene609', 'Gene610', 'Gene611', 'Gene612', 'Gene613', 'Gene614', 'Gene615', 'Gene616', 'Gene617', 'Gene618', 'Gene619', 'Gene620', 'Gene621', 'Gene622', 'Gene623', 'Gene624', 'Gene625', 'Gene626', 'Gene627', 'Gene628', 'Gene629', 'Gene630', 'Gene631', 'Gene632', 'Gene633', 'Gene634', 'Gene635', 'Gene636', 'Gene637', 'Gene638', 'Gene639', 'Gene640', 'Gene641', 'Gene642', 'Gene643', 'Gene644', 'Gene645', 'Gene646', 'Gene647', 'Gene648', 'Gene649', 'Gene650', 'Gene651', 'Gene652', 'Gene653', 'Gene654', 'Gene655', 'Gene656', 'Gene657', 'Gene658', 'Gene659', 'Gene660', 'Gene661', 'Gene662', 'Gene663', 'Gene664', 'Gene665', 'Gene666', 'Gene667', 'Gene668', 'Gene669', 'Gene670', 'Gene671', 'Gene672', 'Gene673', 'Gene674', 'Gene675', 'Gene676', 'Gene677', 'Gene678', 'Gene679', 'Gene680', 'Gene681', 'Gene682', 'Gene683', 'Gene684', 'Gene685', 'Gene686', 'Gene687', 'Gene688', 'Gene689', 'Gene690', 'Gene691', 'Gene692', 'Gene693', 'Gene694', 'Gene695', 'Gene696', 'Gene697', 'Gene698', 'Gene699', 'Gene700', 'Gene701', 'Gene702', 'Gene703', 'Gene704', 'Gene705', 'Gene706', 'Gene707', 'Gene708', 'Gene709', 'Gene710', 'Gene711', 'Gene712', 'Gene713', 'Gene714', 'Gene715', 'Gene716', 'Gene717', 'Gene718', 'Gene719', 'Gene720', 'Gene721', 'Gene722', 'Gene723', 'Gene724', 'Gene725', 'Gene726', 'Gene727', 'Gene728', 'Gene729', 'Gene730', 'Gene731', 'Gene732', 'Gene733', 'Gene734', 'Gene735', 'Gene736', 'Gene737', 'Gene738', 'Gene739', 'Gene740', 'Gene741', 'Gene742', 'Gene743', 'Gene744', 'Gene745', 'Gene746', 'Gene747', 'Gene748', 'Gene749', 'Gene750', 'Gene751', 'Gene752', 'Gene753', 'Gene754', 'Gene755', 'Gene756', 'Gene757', 'Gene758', 'Gene759', 'Gene760', 'Gene761', 'Gene762', 'Gene763', 'Gene764', 'Gene765', 'Gene766', 'Gene767', 'Gene768', 'Gene769', 'Gene770', 'Gene771', 'Gene772', 'Gene773', 'Gene774', 'Gene775', 'Gene776', 'Gene777', 'Gene778', 'Gene779', 'Gene780', 'Gene781', 'Gene782', 'Gene783', 'Gene784', 'Gene785', 'Gene786', 'Gene787', 'Gene788', 'Gene789', 'Gene790', 'Gene791', 'Gene792', 'Gene793', 'Gene794', 'Gene795', 'Gene796', 'Gene797', 'Gene798', 'Gene799', 'Gene800', 'Gene801', 'Gene802', 'Gene803', 'Gene804', 'Gene805', 'Gene806', 'Gene807', 'Gene808', 'Gene809', 'Gene810', 'Gene811', 'Gene812', 'Gene813', 'Gene814', 'Gene815', 'Gene816', 'Gene817', 'Gene818', 'Gene819', 'Gene820', 'Gene821', 'Gene822', 'Gene823', 'Gene824', 'Gene825', 'Gene826', 'Gene827', 'Gene828', 'Gene829', 'Gene830', 'Gene831', 'Gene832', 'Gene833', 'Gene834', 'Gene835', 'Gene836', 'Gene837', 'Gene838', 'Gene839', 'Gene840', 'Gene841', 'Gene842', 'Gene843', 'Gene844', 'Gene845', 'Gene846', 'Gene847', 'Gene848', 'Gene849', 'Gene850', 'Gene851', 'Gene852', 'Gene853', 'Gene854', 'Gene855', 'Gene856', 'Gene857', 'Gene858', 'Gene859', 'Gene860', 'Gene861', 'Gene862', 'Gene863', 'Gene864', 'Gene865', 'Gene866', 'Gene867', 'Gene868', 'Gene869', 'Gene870', 'Gene871', 'Gene872', 'Gene873', 'Gene874', 'Gene875', 'Gene876', 'Gene877', 'Gene878', 'Gene879', 'Gene880', 'Gene881', 'Gene882', 'Gene883', 'Gene884', 'Gene885', 'Gene886', 'Gene887', 'Gene888', 'Gene889', 'Gene890', 'Gene891', 'Gene892', 'Gene893', 'Gene894', 'Gene895', 'Gene896', 'Gene897', 'Gene898', 'Gene899', 'Gene900', 'Gene901', 'Gene902', 'Gene903', 'Gene904', 'Gene905', 'Gene906', 'Gene907', 'Gene908', 'Gene909', 'Gene910', 'Gene911', 'Gene912', 'Gene913', 'Gene914', 'Gene915', 'Gene916', 'Gene917', 'Gene918', 'Gene919', 'Gene920', 'Gene921', 'Gene922', 'Gene923', 'Gene924', 'Gene925', 'Gene926', 'Gene927', 'Gene928', 'Gene929', 'Gene930', 'Gene931', 'Gene932', 'Gene933', 'Gene934', 'Gene935', 'Gene936', 'Gene937', 'Gene938', 'Gene939', 'Gene940', 'Gene941', 'Gene942', 'Gene943', 'Gene944', 'Gene945', 'Gene946', 'Gene947', 'Gene948', 'Gene949', 'Gene950', 'Gene951', 'Gene952', 'Gene953', 'Gene954', 'Gene955', 'Gene956', 'Gene957', 'Gene958', 'Gene959', 'Gene960', 'Gene961', 'Gene962', 'Gene963', 'Gene964', 'Gene965', 'Gene966', 'Gene967', 'Gene968', 'Gene969', 'Gene970', 'Gene971', 'Gene972', 'Gene973', 'Gene974', 'Gene975', 'Gene976', 'Gene977', 'Gene978', 'Gene979', 'Gene980', 'Gene981', 'Gene982', 'Gene983', 'Gene984', 'Gene985', 'Gene986', 'Gene987', 'Gene988', 'Gene989', 'Gene990', 'Gene991', 'Gene992', 'Gene993', 'Gene994', 'Gene995', 'Gene996', 'Gene997', 'Gene998', 'Gene999']
(500, 10)
(10, 2)
6: stop(list(message = "cells should have non-zero library sizes", 


       call = .local(x, ...), cppstack = NULL))


5: .Call(cxx_subset_and_divide, x, subset.row - 1L, curdex - 1L)


4: .local(x, ...)


3: scran::computeSumFactors(t(Y))


2: scran::computeSumFactors(t(Y))


1: (function (exprs_obj, rho, s = NULL, X = NULL, control_pct = NULL, 


       exprs_obj_known = NULL, s_known = NULL, X_known = NULL, control_pct_known = NULL, 


       known_types = NULL, B = 10, pct_mito = NULL, mito_rho = NULL, 


       use_priors = FALSE, use_mito = FALSE, prior_type = "regular", 


       delta_log_prior_mean = NULL, delta_log_prior_scale = 1, delta_variance_prior = FALSE, 


       random_effects = FALSE, data_type = c("RNAseq", "MS"), n_batches = 1, 


       rel_tol_adam = 1e-04, rel_tol_em = 1e-04, max_iter_adam = 1e+05, 


       max_iter_em = 20, learning_rate = 0.1, verbose = TRUE, sce_assay = "counts", 


       gamma_init = NULL, num_runs = 1, em_convergence_thres = 1e-05, 


       min_delta = log(2)) 


   {


       Y <- extract_expression_matrix(exprs_obj, sce_assay = sce_assay)


       if (!is.null(exprs_obj_known)) {


           Y0 <- extract_expression_matrix(exprs_obj_known, sce_assay = sce_assay)


       }


       else {


           Y0 <- matrix(nrow = 0, ncol = ncol(Y))


       }


       if (!is.null(X)) {


           if (!(is.matrix(X) && is.numeric(X))) {


               stop("X must either be NULL or a numeric matrix")


           }


       }


       if (!is.null(X_known)) {


           if (!(is.matrix(X_known) && is.numeric(X_known))) {


               stop("X_known must either be NULL or a numeric matrix")


           }


       }


       stopifnot(is.matrix(Y))


       stopifnot(is.matrix(Y0))


       stopifnot(is.matrix(rho))


       if (is.null(rownames(rho))) {


           warning("No gene names supplied - replacing with generics")


           rownames(rho) <- paste0("gene_", seq_len(nrow(rho)))


       }


       if (is.null(colnames(rho))) {


           warning("No cell type names supplied - replacing with generics")


           colnames(rho) <- paste0("cell_type_", seq_len(ncol(rho)))


           if (!is.null(known_types)) {


               known_types <- paste0("gene_", known_types)


           }


       }


       N <- nrow(Y)


       N0 <- nrow(Y0)


       X <- initialize_X(X, N, verbose = verbose)


       X0 <- initialize_X(X_known, N0, verbose = verbose)


       G <- ncol(Y)


       C <- ncol(rho)


       P <- ncol(X)


       P0 <- ncol(X0)


       stopifnot(nrow(X) == N)


       stopifnot(nrow(rho) == G)


       stopifnot(nrow(X0) == N0)


       if (is.null(s)) {


           message("No size factors supplied - computing from matrix. It is highly recommended to supply size factors calculated using the full gene set")


           s <- scran::computeSumFactors(t(Y))


       }


       if (is.null(control_pct)) {


           control_pct <- rep(0, N)


       }


       if (is.null(s_known)) {


           if (N0 > 0) {


               message("No size factors supplied - computing from matrix. It is highly recommended to supply size factors calculated using the full gene set")


               s_known <- scran::computeSumFactors(t(Y_known))


           }


           else {


               s_known <- numeric(0)


           }


       }


       if (is.null(control_pct_known)) {


           control_pct_known <- numeric(0)


       }


       if (any(!known_types %in% colnames(rho))) {


           stop("Known types must be a proper subset of cluster names.")


       }


       gamma0 <- model.matrix(~0 + factor(known_types, levels = colnames(rho)))


       stopifnot(nrow(gamma0) == N0)


       res <- NULL


       data_type <- match.arg(data_type)


       if (!is.null(gamma_init)) {


           gamma_eps <- 0.001


           gamma_init[gamma_init < gamma_eps] <- gamma_eps


           gamma_init <- gamma_init/rowSums(gamma_init)


       }


       if (!is.null(pct_mito)) {


           mito_eps <- 1e-05


           pct_mito <- pct_mito/100


           pct_mito[pct_mito < mito_eps] <- mito_eps


           pct_mito[pct_mito > (1 - mito_eps)] <- 1 - mito_eps


       }


       else {


           pct_mito <- rep(0, N)


           mito_rho <- rep(0, C)


       }


       if (data_type == "RNAseq") {


           run_results <- lapply(1:num_runs, function(i) {


               res <- inference_tensorflow(Y = Y, rho = rho, s = s, 


                   X = X, G = G, C = C, N = N, P = P, control_pct = 1 - 


                     control_pct, pct_mito = pct_mito, mito_rho = mito_rho, 


                   Y0 = Y0, s0 = s_known, X0 = X0, N0 = N0, P0 = P0, 


                   gamma0 = gamma0, B = B, control_pct0 = 1 - control_pct_known, 


                   use_priors = use_priors, use_mito = use_mito, 


                   prior_type = prior_type, delta_log_prior_mean = delta_log_prior_mean, 


                   delta_log_prior_scale = delta_log_prior_scale, 


                   delta_variance_prior = delta_variance_prior, 


                   random_effects = random_effects, verbose = verbose, 


                   n_batches = n_batches, rel_tol_adam = rel_tol_adam, 


                   rel_tol_em = rel_tol_em, max_iter_adam = max_iter_adam, 


                   max_iter_em = max_iter_em, learning_rate = learning_rate, 


                   gamma_init = gamma_init, em_convergence_thres = em_convergence_thres, 


                   min_delta = min_delta)


               return(structure(res, class = "cellassign_fit"))


           })


           res <- run_results[[which.max(sapply(run_results, function(x) x$lls[length(x$lls)]))]]


       }


       else if (data_type == "MS") {


           stop("Model for MS data not implemented at the moment.")


       }


       return(res)


   })(c(2L, 24L, 8L, 4L, 1L, 1L, 5L, 4L, 0L, 2L, 3L, 1L, 4L, 1L, 


   0L, 0L, 3L, 0L, 8L, 5L, 0L, 0L, 0L, 4L, 0L, 0L, 1L, 9L, 1L, 2L, 


   2L, 1L, 5L, 0L, 0L, 6L, 6L, 0L, 1L, 1L, 0L, 1L, 6L, 12L, 8L, 


   0L, 8L, 2L, 2L, 36L, 0L, 3L, 2L, 2L, 0L, 0L, 4L, 4L, 9L, 2L, 


   15L, 3L, 0L, 1L, 2L, 3L, 1L, 2L, 7L, 8L, 16L, 3L, 7L, 5L, 1L, 


   7L, 2L, 6L, 5L, 1L, 0L, 0L, 0L, 1L, 2L, 4L, 0L, 4L, 0L, 2L, 7L, 


   1L, 0L, 8L, 3L, 1L, 0L, 0L, 0L, 8L, 2L, 4L, 2L, 0L, 1L, 6L, 1L, 


   0L, 2L, 0L, 0L, 0L, 0L, 0L, 9L, 0L, 1L, 1L, 7L, 11L, 1L, 0L, 


   1L, 0L, 0L, 1L, 2L, 0L, 1L, 0L, 0L, 0L, 0L, 0L, 5L, 0L, 7L, 2L, 


   0L, 2L, 3L, 0L, 0L, 0L, 7L, 2L, 0L, 14L, 5L, 0L, 3L, 1L, 0L, 


   1L, 3L, 0L, 0L, 1L, 0L, 5L, 0L, 4L, 0L, 0L, 0L, 2L, 0L, 3L, 1L, 


   0L, 2L, 0L, 1L, 0L, 0L, 2L, 3L, 0L, 2L, 0L, 5L, 3L, 4L, 0L, 6L, 


   2L, 1L, 1L, 2L, 18L, 0L, 3L, 2L, 0L, 1L, 4L, 1L, 4L, 3L, 8L, 


   2L, 12L, 0L, 0L, 6L, 5L, 0L, 10L, 1L, 0L, 0L, 4L, 31L, 0L, 1L, 


   2L, 7L, 0L, 0L, 3L, 0L, 4L, 0L, 7L, 2L, 0L, 0L, 1L, 0L, 2L, 0L, 


   0L, 3L, 0L, 0L, 0L, 4L, 0L, 0L, 5L, 1L, 9L, 0L, 0L, 5L, 1L, 0L, 


   1L, 0L, 0L, 2L, 0L, 1L, 0L, 2L, 12L, 0L, 6L, 4L, 0L, 0L, 5L, 


   5L, 3L, 0L, 2L, 2L, 4L, 4L, 3L, 2L, 0L, 0L, 6L, 0L, 1L, 1L, 1L, 


   1L, 4L, 0L, 1L, 11L, 2L, 0L, 7L, 1L, 2L, 0L, 3L, 2L, 3L, 5L, 


   1L, 0L, 2L, 17L, 1L, 0L, 3L, 0L, 6L, 0L, 1L, 3L, 6L, 3L, 0L, 


   2L, 2L, 1L, 1L, 0L, 0L, 9L, 1L, 12L, 11L, 0L, 4L, 2L, 0L, 1L, 


   0L, 1L, 0L, 1L, 10L, 2L, 1L, 2L, 0L, 13L, 7L, 1L, 0L, 8L, 1L, 


   5L, 0L, 0L, 1L, 2L, 0L, 4L, 1L, 1L, 2L, 1L, 3L, 12L, 1L, 0L, 


   0L, 0L, 0L, 0L, 2L, 3L, 1L, 2L, 0L, 3L, 0L, 9L, 1L, 5L, 1L, 2L, 


   1L, 2L, 0L, 0L, 3L, 12L, 1L, 6L, 5L, 1L, 2L, 1L, 4L, 0L, 1L, 


   1L, 4L, 2L, 3L, 0L, 0L, 1L, 5L, 0L, 0L, 0L, 0L, 5L, 0L, 3L, 0L, 


   4L, 4L, 0L, 1L, 1L, 5L, 2L, 5L, 0L, 0L, 0L, 1L, 1L, 0L, 0L, 2L, 


   3L, 8L, 2L, 0L, 0L, 2L, 3L, 2L, 2L, 5L, 10L, 6L, 0L, 1L, 3L, 


   9L, 0L, 2L, 2L, 4L, 0L, 2L, 1L, 3L, 7L, 0L, 0L, 0L, 1L, 0L, 3L, 


   2L, 1L, 1L, 0L, 0L, 0L, 1L, 0L, 0L, 2L, 1L, 0L, 10L, 0L, 1L, 


   0L, 13L, 1L, 3L, 1L, 8L, 0L, 5L, 4L, 2L, 2L, 0L, 9L, 5L, 0L, 


   2L, 0L, 4L, 5L, 0L, 4L, 3L, 6L, 1L, 13L, 7L, 4L, 26L, 1L, 0L, 


   1L, 1L, 2L, 1L, 3L, 4L, 1L, 3L, 24L, 28L, 2L, 3L, 3L, 3L, 10L, 


   0L, 3L, 9L, 12L, 2L, 2L, 0L, 1L, 0L, 1L, 2L, 1L, 11L, 1L, 2L, 


   4L, 5L, 7L, 8L, 4L, 17L, 3L, 8L, 2L, 3L, 0L, 3L, 0L, 7L, 2L, 


   5L, 5L, 9L, 2L, 11L, 2L, 12L, 7L, 1L, 19L, 0L, 5L, 12L, 0L, 4L, 


   17L, 3L, 1L, 6L, 3L, 1L, 4L, 2L, 6L, 7L, 0L, 1L, 5L, 14L, 2L, 


   0L, 20L, 1L, 0L, 13L, 7L, 6L, 0L, 9L, 3L, 4L, 3L, 14L, 1L, 2L, 


   0L, 7L, 6L, 5L, 14L, 7L, 11L, 41L, 6L, 12L, 2L, 8L, 5L, 2L, 1L, 


   1L, 4L, 1L, 3L, 6L, 3L, 14L, 11L, 7L, 0L, 18L, 7L, 0L, 4L, 1L, 


   7L, 0L, 2L, 0L, 4L, 18L, 4L, 2L, 2L, 0L, 1L, 0L, 1L, 7L, 1L, 


   2L, 1L, 15L, 0L, 2L, 2L, 0L, 0L, 2L, 8L, 1L, 8L, 2L, 7L, 0L, 


   0L, 2L, 2L, 4L, 1L, 9L, 0L, 18L, 16L, 5L, 12L, 0L, 4L, 9L, 6L, 


   3L, 0L, 7L, 3L, 15L, 0L, 0L, 1L, 1L, 14L, 2L, 10L, 0L, 2L, 11L, 


   18L, 12L, 7L, 1L, 3L, 3L, 0L, 2L, 1L, 9L, 2L, 5L, 7L, 22L, 8L, 


   1L, 4L, 8L, 7L, 4L, 1L, 0L, 2L, 4L, 18L, 0L, 1L, 3L, 6L, 7L, 


   9L, 1L, 8L, 3L, 2L, 7L, 3L, 1L, 1L, 17L, 19L, 1L, 12L, 7L, 22L, 


   0L, 1L, 7L, 0L, 3L, 0L, 10L, 6L, 4L, 2L, 15L, 2L, 25L, 3L, 1L, 


   8L, 35L, 1L, 0L, 18L, 3L, 0L, 4L, 3L, 39L, 5L, 2L, 6L, 8L, 1L, 


   16L, 9L, 0L, 2L, 3L, 6L, 0L, 0L, 39L, 0L, 2L, 21L, 6L, 2L, 3L, 


   0L, 1L, 5L, 12L, 3L, 1L, 13L, 0L, 6L, 4L, 0L, 3L, 1L, 7L, 4L, 


   5L, 0L, 8L, 5L, 9L, 10L, 31L, 4L, 12L, 4L, 31L, 9L, 15L, 17L, 


   8L, 17L, 1L, 3L, 8L, 28L, 7L, 6L, 2L, 0L, 3L, 6L, 3L, 7L, 21L, 


   15L, 5L, 4L, 5L, 2L, 17L, 2L, 3L, 47L, 0L, 7L, 0L, 22L, 0L, 12L, 


   4L, 3L, 5L, 9L, 6L, 5L, 1L, 0L, 0L, 15L, 8L, 9L, 8L, 5L, 2L, 


   24L, 1L, 35L, 11L, 2L, 0L, 0L, 1L, 8L, 0L, 0L, 2L, 0L, 0L, 46L, 


   0L, 0L, 6L, 1L, 3L, 9L, 3L, 3L, 1L, 2L, 3L, 5L, 5L, 0L, 0L, 0L, 


   10L, 0L, 5L, 0L, 5L, 0L, 2L, 26L, 4L, 5L, 10L, 6L, 6L, 13L, 2L, 


   1L, 3L, 2L, 8L, 6L, 9L, 1L, 6L, 2L, 2L, 5L, 12L, 17L, 3L, 6L, 


   2L, 2L, 18L, 2L, 1L, 12L, 7L, 0L, 3L, 1L, 13L, 0L, 5L, 1L, 8L, 


   6L, 5L, 2L, 6L, 1L, 6L, 10L, 3L, 0L, 12L, 1L, 0L, 15L, 13L, 19L, 


   7L, 9L, 0L, 8L, 10L, 0L, 3L, 6L, 8L, 3L, 12L, 5L, 1L, 10L, 4L, 


   0L, 2L, 12L, 0L, 1L, 4L, 13L, 10L, 1L, 0L, 1L, 1L, 5L, 0L, 2L, 


   9L, 13L, 12L, 1L, 0L, 3L, 10L, 4L, 3L, 2L, 4L, 10L, 7L, 3L, 19L, 


   1L, 1L, 0L, 18L, 0L, 0L, 9L, 12L, 6L, 2L, 10L, 16L, 4L, 0L, 48L, 


   26L, 16L, 29L, 1L, 4L, 1L, 6L, 2L, 2L, 3L, 7L, 1L, 0L, 0L, 0L, 


   0L, 0L, 0L, 0L, 0L, 0L, 0L, 0L, 0L, 0L, 0L, 0L, 0L, 0L, 0L, 0L, 


   0L, 0L, 0L, 0L, 0L, 0L, 0L, 0L, 0L, 0L, 0L, 0L, 0L, 0L, 0L, 0L, 


   0L, 0L, 0L, 4L, 0L, 0L, 0L, 0L, 0L, 0L, 0L, 0L, 0L, 0L, 0L, 0L, 


   0L, 0L, 0L, 0L, 0L, 0L, 0L, 0L, 0L, 0L, 0L, 0L, 0L, 0L, 0L, 0L, 


   0L, 0L, 0L, 0L, 0L, 0L, 0L, 0L, 0L, 0L, 0L, 0L, 0L, 0L, 0L, 0L, 


   0L, 0L, 0L, 0L, 0L, 0L, 1L, 0L, 0L, 0L, 0L, 0L, 0L, 0L, 0L, 0L, 


   0L, 0L, 0L, 0L, 0L, 0L, 1L, 0L, 0L, 0L, 0L, 0L, 0L, 0L, 0L, 0L, 


   0L, 0L, 0L, 0L, 0L, 0L, 0L, 0L, 0L, 0L, 0L, 0L, 0L, 0L, 0L, 0L, 


   0L, 0L, 0L, 0L, 0L, 0L, 0L, 0L, 0L, 0L, 0L, 0L, 0L, 0L, 0L, 0L, 


   0L, 0L, 0L, 0L, 1L, 0L, 0L, 0L, 0L, 0L, 0L, 0L, 0L, 0L, 0L, 0L, 


   0L, 0L, 0L, 0L, 0L, 0L, 0L, 0L, 0L, 0L, 0L, 0L, 0L, 0L, 0L, 0L, 


   0L, 0L, 0L, 1L, 0L, 0L, 0L, 0L, 0L, 0L, 0L, 0L, 0L, 0L, 0L, 0L, 


   1L, 0L, 0L, 0L, 0L, 0L, 0L, 0L, 0L, 0L, 0L, 0L, 0L, 0L, 0L, 0L, 


   0L, 0L, 0L, 0L, 0L, 0L, 0L, 0L, 0L, 0L, 0L, 0L, 0L, 0L, 0L, 0L, 


   0L, 0L, 0L, 0L, 0L, 0L, 0L, 2L, 0L, 0L, 0L, 0L, 0L, 0L, 0L, 2L, 


   0L, 0L, 0L, 0L, 0L, 0L, 0L, 0L, 0L, 0L, 0L, 0L, 0L, 0L, 0L, 0L, 


   0L, 0L, 0L, 0L, 0L, 0L, 0L, 0L, 0L, 0L, 0L, 0L, 0L, 0L, 0L, 0L, 


   0L, 0L, 0L, 0L, 0L, 0L, 0L, 0L, 0L, 0L, 0L, 0L, 0L, 0L, 0L, 0L, 


   0L, 0L, 0L, 0L, 0L, 0L, 0L, 0L, 0L, 0L, 0L, 0L, 0L, 0L, 0L, 0L, 


   0L, 0L, 0L, 0L, 0L, 0L, 0L, 0L, 0L, 0L, 0L, 0L, 0L, 0L, 0L, 0L, 


   0L, 0L, 0L, 0L, 0L, 0L, 0L, 0L, 0L, 0L, 0L, 0L, 0L, 0L, 0L, 0L, 


   0L, 0L, 0L, 0L, 0L, 0L, 0L, 0L, 0L, 0L, 0L, 0L, 0L, 0L, 0L, 0L, 


   0L, 0L, 0L, 0L, 0L, 0L, 0L, 0L, 0L, 0L, 0L, 0L, 0L, 0L, 0L, 0L, 


   0L, 0L, 0L, 0L, 0L, 0L, 0L, 0L, 0L, 0L, 0L, 0L, 0L, 0L, 0L, 0L, 


   0L, 0L, 0L, 0L, 0L, 0L, 0L, 0L, 0L, 0L, 0L, 0L, 0L, 0L, 0L, 0L, 


   0L, 0L, 1L, 0L, 0L, 0L, 0L, 0L, 0L, 0L, 0L, 0L, 0L, 0L, 0L, 0L, 


   0L, 0L, 0L, 0L, 0L, 0L, 0L, 0L, 0L, 0L, 4L, 0L, 0L, 0L, 0L, 0L, 


   0L, 0L, 0L, 0L, 0L, 0L, 0L, 0L, 0L, 0L, 0L, 0L, 0L, 0L, 0L, 0L, 


   0L, 0L, 0L, 0L, 0L, 0L, 0L, 0L, 0L, 0L, 0L, 0L, 0L, 0L, 0L, 0L, 


   0L, 0L, 0L, 0L, 0L, 0L, 0L, 0L, 1L, 0L, 0L, 0L, 0L, 1L, 0L, 0L, 


   0L, 0L, 0L, 0L, 0L, 0L, 0L, 0L, 0L, 0L, 0L, 0L, 0L, 0L, 0L, 0L, 


   0L, 0L, 0L, 0L, 0L, 0L, 0L, 0L, 0L, 0L, 0L, 0L, 0L, 2L, 0L, 0L, 


   1L, 0L, 0L, 0L, 0L, 0L, 0L, 0L, 0L, 1L, 0L, 0L, 0L, 0L, 0L, 0L, 


   0L, 0L, 0L, 2L, 0L, 0L, 0L, 0L, 0L, 0L, 0L, 0L, 0L, 0L, 0L, 0L, 


   0L, 0L, 0L, 0L, 0L, 0L, 0L, 0L, 3L, 0L, 0L, 0L, 0L, 0L, 0L, 0L, 


   0L, 0L, 0L, 0L, 0L, 0L, 0L, 0L, 0L, 0L, 0L, 0L, 0L, 0L, 2L, 1L, 


   0L, 0L, 0L, 0L, 0L, 0L, 2L, 0L, 0L, 0L, 0L, 0L, 0L, 0L, 0L, 0L, 


   0L, 0L, 0L, 0L, 0L, 0L, 0L, 0L, 0L, 0L, 0L, 0L, 0L, 0L, 5L, 0L, 


   0L, 0L, 0L, 0L, 0L, 2L, 0L, 0L, 0L, 1L, 0L, 0L, 2L, 0L, 1L, 0L, 


   0L, 0L, 0L, 0L, 0L, 0L, 0L, 0L, 0L, 0L, 0L, 0L, 0L, 0L, 0L, 0L, 


   0L, 0L, 1L, 0L, 0L, 0L, 0L, 0L, 0L, 1L, 0L, 0L, 0L, 0L, 0L, 0L, 


   0L, 0L, 0L, 0L, 0L, 0L, 0L, 1L, 0L, 1L, 2L, 0L, 0L, 0L, 0L, 0L, 


   0L, 0L, 0L, 0L, 0L, 0L, 0L, 0L, 0L, 0L, 0L, 0L, 0L, 0L, 0L, 0L, 


   0L, 0L, 0L, 0L, 5L, 0L, 0L, 0L, 0L, 0L, 0L, 0L, 0L, 0L, 0L, 0L, 


   0L, 0L, 0L, 0L, 0L, 0L, 0L, 0L, 0L, 0L, 0L, 0L, 0L, 0L, 0L, 0L, 


   0L, 0L, 0L, 0L, 0L, 0L, 0L, 0L, 0L, 0L, 0L, 0L, 0L, 0L, 0L, 0L, 


   0L, 0L, 0L, 0L, 0L, 0L, 2L, 0L, 0L, 0L, 0L, 0L, 0L, 0L, 0L, 0L, 


   0L, 0L, 0L, 0L, 0L, 0L, 0L, 0L, 0L, 0L, 0L, 0L, 0L, 0L, 0L, 0L, 


   4L, 0L, 0L, 0L, 0L, 0L, 0L, 0L, 0L, 0L, 0L, 0L, 0L, 0L, 0L, 0L, 


   0L, 0L, 0L, 0L, 0L, 1L, 0L, 0L, 0L, 1L, 0L, 0L, 0L, 0L, 0L, 0L, 


   0L, 1L, 1L, 0L, 0L, 0L, 0L, 10L, 0L, 0L, 0L, 0L, 0L, 0L, 0L, 


   0L, 0L, 0L, 0L, 0L, 0L, 0L, 0L, 0L, 0L, 0L, 0L, 0L, 2L, 0L, 0L, 


   0L, 1L, 0L, 0L, 0L, 0L, 0L, 0L, 0L, 1L, 0L, 0L, 0L, 0L, 0L, 0L, 


   0L, 3L, 0L, 0L, 0L, 0L, 0L, 0L, 0L, 0L, 0L, 0L, 0L, 0L, 0L, 0L, 


   0L, 0L, 0L, 0L, 0L, 0L, 3L, 0L, 0L, 0L, 0L, 0L, 0L, 0L, 0L, 0L, 


   5L, 0L, 0L, 0L, 3L, 0L, 0L, 0L, 0L, 0L, 0L, 0L, 0L, 0L, 0L, 0L, 


   0L, 0L, 0L, 1L, 0L, 0L, 0L, 0L, 0L, 0L, 0L, 0L, 0L, 0L, 0L, 0L, 


   0L, 1L, 0L, 0L, 0L, 0L, 0L, 0L, 0L, 0L, 0L, 0L, 0L, 0L, 0L, 1L, 


   0L, 3L, 0L, 0L, 0L, 0L, 0L, 0L, 0L, 0L, 2L, 0L, 0L, 0L, 0L, 0L, 


   0L, 0L, 1L, 0L, 0L, 0L, 0L, 0L, 1L, 0L, 0L, 0L, 0L, 0L, 0L, 0L, 


   0L, 0L, 0L, 0L, 0L, 0L, 0L, 0L, 0L, 0L, 0L, 0L, 0L, 0L, 7L, 1L, 


   0L, 0L, 0L, 0L, 0L, 0L, 0L, 2L, 0L, 2L, 0L, 0L, 1L, 0L, 0L, 0L, 


   2L, 0L, 0L, 1L, 0L, 0L, 1L, 0L, 0L, 0L, 0L, 0L, 0L, 0L, 0L, 0L, 


   0L, 0L, 0L, 0L, 0L, 0L, 0L, 0L, 0L, 0L, 0L, 0L, 0L, 0L, 0L, 0L, 


   0L, 0L, 0L, 0L, 0L, 0L, 0L, 0L, 0L, 0L, 0L, 0L, 0L, 0L, 0L, 0L, 


   0L, 0L, 0L, 0L, 0L, 0L, 0L, 0L, 0L, 0L, 0L, 0L, 0L, 0L, 0L, 0L, 


   0L, 0L, 0L, 0L, 0L, 0L, 0L, 0L, 0L, 0L, 0L, 0L, 0L, 0L, 0L, 0L, 


   0L, 0L, 0L, 0L, 0L, 0L, 0L, 0L, 0L, 0L, 0L, 0L, 0L, 0L, 0L, 0L, 


   0L, 0L, 0L, 0L, 0L, 0L, 0L, 0L, 0L, 0L, 0L, 0L, 0L, 0L, 0L, 0L, 


   0L, 0L, 0L, 0L, 0L, 0L, 0L, 0L, 0L, 0L, 0L, 0L, 0L, 0L, 0L, 0L, 


   0L, 0L, 0L, 0L, 0L, 0L, 0L, 0L, 0L, 0L, 0L, 0L, 0L, 0L, 0L, 0L, 


   0L, 0L, 0L, 0L, 0L, 0L, 0L, 0L, 0L, 0L, 0L, 0L, 0L, 0L, 0L, 0L, 


   0L, 0L, 0L, 0L, 0L, 0L, 0L, 0L, 0L, 0L, 0L, 0L, 0L, 0L, 0L, 0L, 


   0L, 0L, 0L, 0L, 0L, 0L, 0L, 0L, 0L, 0L, 0L, 0L, 0L, 0L, 0L, 0L, 


   0L, 0L, 0L, 0L, 0L, 0L, 0L, 0L, 0L, 0L, 0L, 0L, 0L, 0L, 0L, 0L, 


   0L, 0L, 0L, 0L, 0L, 0L, 0L, 0L, 0L, 0L, 0L, 0L, 0L, 0L, 0L, 0L, 


   0L, 0L, 0L, 0L, 0L, 0L, 0L, 0L, 0L, 0L, 0L, 0L, 0L, 0L, 0L, 0L, 


   0L, 0L, 0L, 0L, 0L, 0L, 0L, 0L, 0L, 0L, 0L, 0L, 0L, 0L, 0L, 0L, 


   0L, 0L, 0L, 0L, 0L, 0L, 0L, 0L, 0L, 0L, 0L, 0L, 0L, 0L, 0L, 0L, 


   0L, 0L, 0L, 0L, 0L, 0L, 0L, 0L, 0L, 0L, 0L, 0L, 0L, 0L, 0L, 0L, 


   0L, 0L, 0L, 0L, 0L, 0L, 0L, 0L, 0L, 0L, 0L, 0L, 0L, 0L, 0L, 0L, 


   0L, 0L, 0L, 0L, 0L, 0L, 0L, 0L, 0L, 0L, 0L, 0L, 0L, 0L, 0L, 0L, 


   0L, 0L, 0L, 0L, 0L, 0L, 0L, 0L, 0L, 0L, 0L, 0L, 0L, 0L, 0L, 0L, 


   0L, 0L, 0L, 0L, 0L, 0L, 0L, 0L, 0L, 0L, 0L, 0L, 0L, 0L, 0L, 0L, 


   0L, 0L, 0L, 0L, 0L, 0L, 0L, 0L, 0L, 0L, 0L, 0L, 0L, 0L, 0L, 0L, 


   0L, 0L, 0L, 0L, 0L, 0L, 0L, 0L, 0L, 0L, 0L, 0L, 0L, 0L, 0L, 0L, 


   0L, 0L, 0L, 0L, 0L, 0L, 0L, 0L, 0L, 0L, 0L, 0L, 0L, 0L, 0L, 0L, 


   0L, 0L, 0L, 0L, 0L, 0L, 0L, 0L, 0L, 0L, 0L, 0L, 0L, 0L, 0L, 0L, 


   0L, 0L, 0L, 0L, 0L, 0L, 0L, 0L, 0L, 0L, 0L, 0L, 0L, 0L, 0L, 0L, 


   0L, 0L, 0L, 0L, 0L, 0L, 0L, 0L, 0L, 0L, 0L, 0L, 0L, 0L, 0L, 0L, 


   0L, 0L, 0L, 0L, 0L, 0L, 0L, 0L, 0L, 0L, 0L, 0L, 0L, 0L, 0L, 0L, 


   0L, 0L, 0L, 0L, 0L, 0L, 0L, 0L, 0L, 0L, 0L, 0L, 0L, 0L, 0L, 0L, 


   0L, 0L, 0L, 0L, 0L, 0L, 0L, 0L, 0L, 0L, 0L, 1L, 0L, 0L, 0L, 0L, 


   0L, 0L, 0L, 0L, 0L, 0L, 0L, 0L, 0L, 0L, 0L, 0L, 15L, 0L, 0L, 


   1L, 0L, 0L, 3L, 0L, 1L, 0L, 0L, 0L, 0L, 0L, 0L, 0L, 0L, 0L, 3L, 


   0L, 0L, 1L, 10L, 0L, 0L, 0L, 0L, 0L, 2L, 0L, 3L, 0L, 1L, 0L, 


   0L, 1L, 0L, 11L, 0L, 1L, 6L, 0L, 2L, 0L, 0L, 0L, 0L, 0L, 0L, 


   0L, 0L, 2L, 8L, 1L, 1L, 0L, 0L, 0L, 2L, 0L, 0L, 0L, 0L, 0L, 0L, 


   0L, 1L, 0L, 0L, 1L, 0L, 1L, 0L, 0L, 0L, 1L, 0L, 0L, 0L, 0L, 0L, 


   0L, 0L, 3L, 0L, 1L, 0L, 0L, 0L, 1L, 4L, 0L, 0L, 1L, 0L, 0L, 0L, 


   0L, 0L, 1L, 5L, 0L, 0L, 1L, 0L, 0L, 9L, 4L, 0L, 0L, 2L, 0L, 0L, 


   0L, 0L, 0L, 4L, 0L, 0L, 0L, 4L, 6L, 0L, 0L, 1L, 0L, 0L, 0L, 1L, 


   1L, 0L, 0L, 0L, 3L, 0L, 5L, 0L, 0L, 0L, 5L, 0L, 0L, 0L, 8L, 4L, 


   0L, 1L, 0L, 1L, 0L, 0L, 0L, 3L, 2L, 1L, 0L, 0L, 2L, 0L, 0L, 0L, 


   0L, 0L, 1L, 0L, 1L, 0L, 7L, 0L, 1L, 1L, 3L, 0L, 0L, 5L, 0L, 0L, 


   0L, 1L, 2L, 0L, 0L, 0L, 2L, 0L, 0L, 0L, 0L, 1L, 0L, 0L, 5L, 1L, 


   0L, 5L, 1L, 5L, 0L, 0L, 0L, 0L, 0L, 0L, 1L, 2L, 0L, 1L, 2L, 0L, 


   0L, 0L, 0L, 2L, 0L, 6L, 0L, 0L, 0L, 0L, 0L, 0L, 1L, 0L, 0L, 3L, 


   0L, 1L, 0L, 1L, 0L, 0L, 2L, 1L, 0L, 0L, 0L, 1L, 1L, 0L, 0L, 15L, 


   0L, 2L, 0L, 0L, 0L, 0L, 3L, 0L, 0L, 2L, 0L, 0L, 0L, 12L, 0L, 


   4L, 0L, 0L, 0L, 0L, 4L, 0L, 1L, 0L, 0L, 1L, 1L, 3L, 0L, 0L, 0L, 


   3L, 0L, 1L, 1L, 1L, 0L, 1L, 1L, 0L, 1L, 0L, 0L, 0L, 0L, 4L, 2L, 


   4L, 0L, 3L, 5L, 0L, 0L, 0L, 2L, 0L, 0L, 3L, 0L, 0L, 1L, 0L, 1L, 


   1L, 0L, 0L, 1L, 3L, 0L, 0L, 0L, 0L, 12L, 0L, 0L, 0L, 2L, 0L, 


   1L, 0L, 1L, 0L, 1L, 0L, 0L, 0L, 1L, 1L, 0L, 0L, 2L, 0L, 0L, 0L, 


   0L, 1L, 6L, 0L, 0L, 0L, 1L, 0L, 1L, 0L, 1L, 0L, 0L, 0L, 0L, 1L, 


   0L, 0L, 3L, 4L, 0L, 0L, 1L, 0L, 1L, 1L, 1L, 2L, 1L, 0L, 0L, 0L, 


   0L, 0L, 0L, 0L, 0L, 1L, 4L, 0L, 10L, 9L, 0L, 0L, 0L, 3L, 0L, 


   0L, 2L, 0L, 0L, 3L, 0L, 0L, 1L, 0L, 0L, 1L, 0L, 0L, 1L, 1L, 0L, 


   0L, 0L, 6L, 4L, 5L, 0L, 0L, 0L, 0L, 0L, 0L, 0L, 8L, 0L, 0L, 0L, 


   0L, 0L, 3L, 0L, 0L, 1L, 21L, 0L, 4L, 0L, 0L, 1L, 7L, 1L, 0L, 


   0L, 1L, 0L, 2L, 0L, 15L, 0L, 7L, 0L, 1L, 0L, 0L, 1L, 0L, 0L, 


   0L, 2L, 0L, 2L, 7L, 2L, 0L, 0L, 0L, 0L, 0L, 0L, 0L, 1L, 2L, 1L, 


   0L, 0L, 0L, 0L, 2L, 3L, 2L, 0L, 0L, 1L, 0L, 1L, 0L, 0L, 5L, 1L, 


   3L, 0L, 0L, 3L, 0L, 0L, 0L, 1L, 1L, 14L, 9L, 1L, 1L, 0L, 0L, 


   1L, 0L, 9L, 1L, 0L, 0L, 1L, 0L, 0L, 1L, 0L, 0L, 1L, 0L, 0L, 1L, 


   0L, 0L, 1L, 0L, 0L, 0L, 0L, 0L, 2L, 0L, 0L, 0L, 0L, 0L, 0L, 0L, 


   3L, 0L, 0L, 1L, 2L, 0L, 0L, 0L, 0L, 0L, 0L, 0L, 0L, 0L, 0L, 0L, 


   0L, 2L, 0L, 2L, 4L, 0L, 0L, 0L, 0L, 0L, 0L, 0L, 0L, 0L, 0L, 0L, 


   0L, 0L, 0L, 1L, 0L, 1L, 0L, 0L, 0L, 0L, 0L, 0L, 2L, 0L, 0L, 0L, 


   3L, 1L, 0L, 0L, 0L, 0L, 0L, 0L, 0L, 0L, 0L, 0L, 1L, 0L, 0L, 0L, 


   1L, 0L, 0L, 0L, 0L, 0L, 0L, 0L, 0L, 0L, 0L, 0L, 0L, 0L, 7L, 0L, 


   0L, 0L, 2L, 1L, 0L, 0L, 0L, 0L, 0L, 0L, 3L, 0L, 0L, 0L, 0L, 0L, 


   0L, 0L, 0L, 0L, 0L, 0L, 0L, 0L, 0L, 1L, 0L, 0L, 0L, 0L, 2L, 0L, 


   0L, 0L, 0L, 0L, 0L, 0L, 0L, 0L, 3L, 0L, 0L, 1L, 0L, 5L, 0L, 0L, 


   0L, 0L, 1L, 0L, 0L, 0L, 0L, 1L, 0L, 2L, 1L, 0L, 0L, 1L, 0L, 0L, 


   0L, 0L, 0L, 0L, 0L, 0L, 3L, 0L, 0L, 0L, 1L, 0L, 0L, 1L, 5L, 0L, 


   0L, 0L, 0L, 0L, 0L, 0L, 1L, 3L, 1L, 0L, 3L, 3L, 2L, 0L, 0L, 0L, 


   0L, 0L, 1L, 0L, 2L, 2L, 0L, 2L, 0L, 0L, 0L, 1L, 1L, 0L, 0L, 2L, 


   0L, 0L, 0L, 0L, 0L, 1L, 0L, 0L, 0L, 0L, 1L, 4L, 0L, 0L, 0L, 0L, 


   1L, 0L, 0L, 0L, 0L, 0L, 0L, 1L, 0L, 5L, 1L, 1L, 1L, 1L, 0L, 1L, 


   0L, 0L, 0L, 0L, 1L, 0L, 0L, 1L, 0L, 4L, 0L, 1L, 0L, 4L, 1L, 0L, 


   0L, 1L, 2L, 0L, 3L, 0L, 1L, 0L, 0L, 0L, 0L, 0L, 1L, 0L, 0L, 0L, 


   0L, 0L, 1L, 0L, 0L, 0L, 1L, 0L, 0L, 0L, 3L, 0L, 0L, 6L, 2L, 1L, 


   0L, 0L, 0L, 1L, 0L, 0L, 0L, 0L, 0L, 2L, 1L, 0L, 0L, 0L, 0L, 0L, 


   0L, 0L, 0L, 3L, 1L, 0L, 0L, 2L, 0L, 0L, 0L, 0L, 0L, 0L, 0L, 0L, 


   0L, 6L, 1L, 0L, 4L, 1L, 0L, 0L, 1L, 0L, 3L, 1L, 0L, 0L, 0L, 0L, 


   1L, 0L, 0L, 0L, 1L, 0L, 4L, 0L, 0L, 0L, 0L, 1L, 0L, 0L, 2L, 0L, 


   2L, 0L, 4L, 0L, 0L, 0L, 0L, 0L, 0L, 3L, 0L, 0L, 0L, 0L, 2L, 0L, 


   0L, 0L, 3L, 0L, 0L, 0L, 0L, 0L, 2L, 4L, 0L, 3L, 0L, 0L, 3L, 0L, 


   0L, 0L, 1L, 0L, 0L, 0L, 0L, 0L, 0L, 0L, 0L, 0L, 1L, 0L, 0L, 2L, 


   1L, 0L, 2L, 0L, 0L, 0L, 0L, 0L, 0L, 1L, 0L, 0L, 0L, 0L, 0L, 0L, 


   0L, 0L, 0L, 0L, 0L, 0L, 0L, 0L, 0L, 0L, 0L, 0L, 0L, 2L, 0L, 0L, 


   0L, 0L, 0L, 0L, 0L, 0L, 0L, 2L, 0L, 0L, 0L, 0L, 0L, 0L, 0L, 0L, 


   0L, 0L, 5L, 1L, 0L, 0L, 0L, 0L, 0L, 0L, 0L, 0L, 0L, 0L, 4L, 0L, 


   0L, 0L, 0L, 0L, 0L, 1L, 0L, 0L, 1L, 0L, 0L, 0L, 1L, 0L, 7L, 1L, 


   0L, 0L, 0L, 1L, 1L, 0L, 0L, 0L, 0L, 0L, 0L, 1L, 0L, 12L, 0L, 


   0L, 0L, 0L, 1L, 0L, 1L, 0L, 1L, 0L, 0L, 0L, 1L, 0L, 0L, 0L, 0L, 


   1L, 0L, 0L, 0L, 0L, 0L, 0L, 0L, 3L, 0L, 12L, 0L, 1L, 0L, 0L, 


   0L, 0L, 0L, 1L, 0L, 5L, 0L, 9L, 0L, 3L, 0L, 1L, 0L, 0L, 0L, 2L, 


   0L, 0L, 4L, 0L, 0L, 1L, 0L, 0L, 0L, 0L, 2L, 1L, 2L, 2L, 1L, 1L, 


   0L, 0L, 1L, 0L, 2L, 0L, 0L, 6L, 0L, 0L, 0L, 1L, 0L, 0L, 0L, 0L, 


   0L, 1L, 1L, 0L, 2L, 0L, 1L, 0L, 2L, 0L, 0L, 0L, 0L, 0L, 0L, 2L, 


   0L, 1L, 0L, 4L, 3L, 0L, 0L, 0L, 0L, 2L, 0L, 0L, 0L, 0L, 1L, 0L, 


   0L, 0L, 0L, 2L, 3L, 1L, 0L, 1L, 4L, 0L, 1L, 8L, 0L, 0L, 0L, 0L, 


   0L, 0L, 0L, 0L, 0L, 0L, 1L, 0L, 1L, 0L, 0L, 0L, 3L, 0L, 2L, 1L, 


   0L, 1L, 1L, 0L, 0L, 1L, 0L, 0L, 1L, 0L, 0L, 0L, 0L, 1L, 1L, 2L, 


   0L, 0L, 4L, 0L, 0L, 2L, 0L, 1L, 2L, 2L, 1L, 1L, 0L, 1L, 0L, 0L, 


   0L, 0L, 0L, 4L, 0L, 0L, 3L, 2L, 2L, 0L, 3L, 0L, 0L, 3L, 0L, 0L, 


   0L, 0L, 0L, 1L, 0L, 3L, 1L, 1L, 1L, 0L, 0L, 1L, 0L, 1L, 0L, 1L, 


   0L, 3L, 0L, 0L, 1L, 0L, 3L, 0L, 0L, 0L, 0L, 0L, 0L, 0L, 0L, 0L, 


   0L, 1L, 4L, 0L, 0L, 0L, 0L, 1L, 0L, 0L, 3L, 0L, 0L, 0L, 0L, 1L, 


   1L, 0L, 0L, 1L, 0L, 6L, 0L, 0L, 0L, 0L, 0L, 0L, 0L, 0L, 0L, 0L, 


   2L, 0L, 0L, 0L, 1L, 4L, 2L, 5L, 0L, 3L, 7L, 0L, 0L, 1L, 5L, 0L, 


   2L, 0L, 2L, 0L, 0L, 0L, 1L, 0L, 0L, 1L, 5L, 5L, 2L, 0L, 0L, 0L, 


   4L, 0L, 0L, 0L, 0L, 0L, 1L, 2L, 1L, 0L, 0L, 0L, 1L, 0L, 3L, 2L, 


   3L, 0L, 0L, 0L, 0L, 0L, 0L, 0L, 5L, 0L, 1L, 0L, 1L, 1L, 1L, 1L, 


   0L, 0L, 0L, 0L, 0L, 0L, 0L, 1L, 1L, 0L, 0L, 0L, 0L, 0L, 0L, 0L, 


   4L, 1L, 0L, 0L, 3L, 0L, 1L, 0L, 0L, 1L, 1L, 0L, 6L, 0L, 0L, 0L, 


   0L, 0L, 0L, 1L, 0L, 0L, 1L, 0L, 4L, 0L, 0L, 0L, 0L, 1L, 0L, 0L, 


   0L, 0L, 0L, 0L, 1L, 0L, 0L, 0L, 0L, 0L, 0L, 0L, 0L, 1L, 0L, 3L, 


   0L, 0L, 0L, 0L, 0L, 0L, 0L, 1L, 0L, 1L, 0L, 2L, 0L, 2L, 0L, 2L, 


   0L, 0L, 0L, 0L, 0L, 6L, 0L, 0L, 0L, 0L, 3L, 0L, 0L, 0L, 2L, 1L, 


   1L, 3L, 0L, 1L, 0L, 0L, 1L, 0L, 8L, 2L, 2L, 0L, 0L, 6L, 0L, 0L, 


   1L, 6L, 1L, 4L, 0L, 0L, 0L, 1L, 0L, 0L, 0L, 0L, 1L, 3L, 2L, 0L, 


   0L, 0L, 0L, 0L, 0L, 0L, 1L, 1L, 0L, 0L, 0L, 0L, 0L, 0L, 0L, 0L, 


   0L, 0L, 0L, 4L, 0L, 0L, 0L, 0L, 0L, 1L, 0L, 0L, 1L, 0L, 1L, 0L, 


   1L, 0L, 0L, 0L, 6L, 1L, 2L, 5L, 0L, 1L, 0L, 0L, 0L, 0L, 0L, 1L, 


   0L, 1L, 0L, 0L, 0L, 0L, 0L, 0L, 3L, 2L, 0L, 0L, 0L, 0L, 0L, 0L, 


   1L, 0L, 0L, 0L, 6L, 0L, 0L, 0L, 0L, 0L, 0L, 1L, 0L, 0L, 0L, 0L, 


   1L, 0L, 0L, 0L, 0L, 0L, 0L, 0L, 0L, 0L, 0L, 0L, 0L, 0L, 0L, 0L, 


   1L, 0L, 0L, 0L, 0L, 0L, 0L, 0L, 0L, 0L, 0L, 0L, 0L, 1L, 0L, 0L, 


   1L, 0L, 1L, 0L, 0L, 0L, 0L, 0L, 0L, 0L, 0L, 2L, 0L, 0L, 0L, 0L, 


   0L, 0L, 0L, 0L, 0L, 0L, 0L, 0L, 0L, 0L, 0L, 0L, 0L, 0L, 0L, 0L, 


   0L, 0L, 0L, 0L, 0L, 0L, 0L, 0L, 0L, 0L, 1L, 0L, 0L, 0L, 0L, 0L, 


   0L, 0L, 0L, 0L, 0L, 0L, 0L, 0L, 0L, 0L, 0L, 0L, 0L, 0L, 0L, 0L, 


   0L, 0L, 0L, 10L, 0L, 0L, 0L, 0L, 0L, 0L, 0L, 0L, 0L, 0L, 0L, 


   0L, 2L, 0L, 0L, 0L, 0L, 0L, 0L, 0L, 0L, 0L, 0L, 1L, 0L, 0L, 0L, 


   0L, 0L, 0L, 0L, 0L, 0L, 0L, 0L, 0L, 0L, 0L, 0L, 0L, 0L, 0L, 0L, 


   1L, 0L, 0L, 0L, 0L, 0L, 0L, 0L, 0L, 0L, 0L, 0L, 0L, 6L, 0L, 0L, 


   2L, 0L, 0L, 0L, 0L, 1L, 0L, 0L, 0L, 0L, 0L, 0L, 0L, 1L, 0L, 0L, 


   0L, 0L, 1L, 0L, 1L, 0L, 0L, 0L, 0L, 0L, 0L, 0L, 0L, 0L, 0L, 0L, 


   0L, 0L, 0L, 0L, 0L, 0L, 0L, 0L, 0L, 0L, 0L, 0L, 1L, 0L, 0L, 0L, 


   0L, 0L, 0L, 0L, 0L, 0L, 0L, 0L, 0L, 0L, 0L, 0L, 0L, 0L, 0L, 0L, 


   0L, 0L, 0L, 2L, 0L, 0L, 0L, 0L, 0L, 0L, 0L, 0L, 0L, 0L, 0L, 1L, 


   0L, 0L, 0L, 0L, 0L, 0L, 0L, 0L, 0L, 0L, 0L, 0L, 0L, 0L, 0L, 0L, 


   0L, 0L, 0L, 0L, 0L, 0L, 0L, 1L, 0L, 0L, 0L, 0L, 0L, 0L, 0L, 0L, 


   2L, 1L, 0L, 0L, 1L, 0L, 0L, 0L, 0L, 0L, 0L, 0L, 0L, 0L, 0L, 0L, 


   0L, 0L, 0L, 0L, 0L, 0L, 0L, 0L, 0L, 0L, 0L, 0L, 0L, 0L, 0L, 0L, 


   0L, 0L, 0L, 0L, 0L, 0L, 0L, 0L, 0L, 0L, 0L, 0L, 0L, 0L, 1L, 0L, 


   0L, 1L, 0L, 0L, 0L, 0L, 0L, 0L, 0L, 0L, 0L, 0L, 0L, 0L, 1L, 0L, 


   0L, 0L, 0L, 0L, 0L, 0L, 0L, 0L, 0L, 0L, 0L, 0L, 0L, 0L, 0L, 0L, 


   0L, 0L, 0L, 0L, 0L, 0L, 0L, 1L, 0L, 0L, 0L, 0L, 0L, 0L, 0L, 0L, 


   1L, 0L, 0L, 0L, 0L, 0L, 0L, 0L, 0L, 0L, 0L, 0L, 0L, 0L, 0L, 0L, 


   0L, 0L, 0L, 0L, 0L, 0L, 0L, 1L, 0L, 0L, 0L, 0L, 0L, 0L, 0L, 0L, 


   0L, 0L, 0L, 0L, 0L, 0L, 0L, 0L, 1L, 0L, 0L, 0L, 1L, 0L, 0L, 0L, 


   0L, 0L, 0L, 0L, 0L, 0L, 0L, 0L, 0L, 0L, 0L, 0L, 0L, 0L, 0L, 0L, 


   0L, 0L, 2L, 0L, 0L, 0L, 0L, 0L, 0L, 0L, 0L, 0L, 0L, 0L, 0L, 0L, 


   1L, 0L, 0L, 0L, 0L, 0L, 0L, 0L, 0L, 1L, 0L, 0L, 0L, 0L, 1L, 0L, 


   0L, 0L, 0L, 0L, 0L, 0L, 0L, 8L, 44L, 8L, 12L, 6L, 2L, 32L, 4L, 


   2L, 26L, 12L, 2L, 3L, 1L, 6L, 0L, 12L, 4L, 18L, 14L, 3L, 1L, 


   6L, 5L, 15L, 1L, 6L, 0L, 2L, 8L, 12L, 7L, 1L, 1L, 2L, 9L, 0L, 


   3L, 12L, 12L, 4L, 36L, 7L, 22L, 1L, 0L, 6L, 0L, 5L, 16L, 1L, 


   6L, 25L, 2L, 9L, 19L, 7L, 2L, 4L, 2L, 2L, 0L, 3L, 0L, 2L, 9L, 


   0L, 1L, 8L, 3L, 4L, 5L, 10L, 27L, 3L, 15L, 7L, 5L, 4L, 8L, 7L, 


   1L, 0L, 5L, 3L, 9L, 12L, 1L, 2L, 9L, 20L, 7L, 8L, 1L, 2L, 0L, 


   0L, 0L, 0L, 7L, 4L, 18L, 5L, 10L, 13L, 2L, 4L, 4L, 3L, 2L, 9L, 


   1L, 1L, 1L, 4L, 0L, 3L, 3L, 4L, 8L, 1L, 0L, 7L, 4L, 0L, 10L, 


   0L, 0L, 10L, 8L, 0L, 0L, 4L, 2L, 2L, 0L, 8L, 7L, 0L, 2L, 14L, 


   0L, 0L, 5L, 8L, 4L, 6L, 8L, 4L, 5L, 5L, 4L, 8L, 1L, 14L, 3L, 


   1L, 2L, 2L, 2L, 2L, 18L, 1L, 1L, 27L, 3L, 16L, 7L, 12L, 1L, 0L, 


   9L, 7L, 17L, 5L, 2L, 1L, 0L, 4L, 5L, 11L, 15L, 12L, 12L, 11L, 


   6L, 3L, 1L, 1L, 14L, 0L, 9L, 2L, 4L, 15L, 5L, 11L, 26L, 0L, 13L, 


   8L, 8L, 4L, 2L, 3L, 14L, 9L, 7L, 1L, 6L, 0L, 2L, 3L, 2L, 20L, 


   7L, 7L, 2L, 7L, 0L, 0L, 1L, 10L, 5L, 2L, 1L, 1L, 13L, 0L, 5L, 


   7L, 0L, 8L, 7L, 0L, 5L, 3L, 8L, 0L, 27L, 2L, 12L, 6L, 3L, 3L, 


   18L, 0L, 9L, 7L, 1L, 4L, 0L, 13L, 0L, 4L, 14L, 1L, 1L, 11L, 1L, 


   0L, 8L, 13L, 3L, 0L, 1L, 0L, 6L, 6L, 0L, 0L, 3L, 1L, 16L, 2L, 


   7L, 7L, 10L, 1L, 11L, 2L, 22L, 8L, 13L, 15L, 25L, 11L, 22L, 2L, 


   5L, 14L, 8L, 15L, 0L, 3L, 3L, 8L, 4L, 5L, 16L, 1L, 4L, 6L, 10L, 


   7L, 4L, 18L, 9L, 2L, 0L, 5L, 11L, 1L, 0L, 30L, 8L, 9L, 10L, 4L, 


   13L, 6L, 11L, 6L, 8L, 6L, 0L, 2L, 2L, 13L, 4L, 2L, 2L, 5L, 10L, 


   6L, 2L, 14L, 0L, 33L, 6L, 17L, 0L, 10L, 0L, 1L, 1L, 5L, 0L, 6L, 


   0L, 8L, 15L, 2L, 1L, 2L, 0L, 2L, 7L, 4L, 3L, 4L, 4L, 1L, 4L, 


   0L, 2L, 1L, 29L, 10L, 1L, 0L, 1L, 2L, 16L, 1L, 3L, 22L, 4L, 16L, 


   2L, 6L, 14L, 1L, 2L, 0L, 6L, 0L, 6L, 7L, 13L, 8L, 4L, 2L, 2L, 


   9L, 1L, 5L, 4L, 2L, 22L, 4L, 5L, 13L, 14L, 7L, 0L, 1L, 18L, 0L, 


   2L, 4L, 14L, 10L, 4L, 1L, 2L, 5L, 19L, 17L, 5L, 3L, 18L, 6L, 


   2L, 12L, 3L, 40L, 25L, 1L, 5L, 5L, 13L, 2L, 4L, 14L, 7L, 4L, 


   31L, 1L, 7L, 6L, 4L, 0L, 0L, 16L, 31L, 9L, 1L, 10L, 15L, 3L, 


   4L, 2L, 3L, 1L, 3L, 11L, 5L, 3L, 46L, 2L, 0L, 1L, 8L, 5L, 3L, 


   16L, 6L, 2L, 6L, 17L, 0L, 3L, 2L, 2L, 27L, 3L, 0L, 11L, 10L, 


   7L, 1L, 18L, 0L, 6L, 8L, 40L, 6L, 4L, 4L, 1L, 6L, 1L, 7L, 0L, 


   0L, 0L, 6L, 0L, 7L), c(0, 0, 1, 0, 1, 1, 0, 1, 0, 1, 1, 1, 0, 


   1, 0, 0, 1, 0, 1, 0))


         103940 function calls (103542 primitive calls) in 1.441 seconds

   Ordered by: cumulative time
   List reduced from 314 to 12 due to restriction <12>

   ncalls  tottime  percall  cumtime  percall filename:lineno(function)
        1    0.000    0.000    1.441    1.441 tests.py:153(test_cell_assign_em)
       12    0.000    0.000    1.264    0.105 functions.py:171(__call__)
       12    1.260    0.105    1.264    0.105 functions.py:101(__call__)
        1    0.000    0.000    0.947    0.947 cellassign.py:20(run_em)
        1    0.000    0.000    0.494    0.494 singlecellexperiment.py:52(fromRData)
        1    0.000    0.000    0.166    0.166 singlecellexperiment.py:69(fromRS4)
1021/1009    0.006    0.000    0.156    0.000 compressed.py:25(__init__)
        1    0.000    0.000    0.103    0.103 singlecellexperiment.py:164(assays)
        7    0.020    0.003    0.077    0.011 coo.py:126(__init__)
        1    0.001    0.001    0.057    0.057 cellassign.py:33(<listcomp>)
     1001    0.002    0.000    0.055    0.000 csr.py:356(__iter__)
        7    0.041    0.006    0.041    0.006 {method 'nonzero' of 'numpy.ndarray' objects}


